Available network interfaces:
eth0 - No description available
any - Pseudo-device that captures on all interfaces
lo - No description available
bluetooth-monitor - Bluetooth Linux Monitor
nflog - Linux netfilter log (NFLOG) interface
nfqueue - Linux netfilter queue (NFQUEUE) interface
dbus-system - D-Bus system bus
dbus-session - D-Bus session bus
Could open: eth0
SACK Ranges: [2705185626 - 2705185718] 
SACK Ranges: [1497260357 - 1497260393] 
SACK Ranges: [1497260533 - 1497260569] 
SACK Ranges: [1497260709 - 1497260777] 
SACK Ranges: [1497261057 - 1497261093] 
SACK Ranges: [1497261757 - 1497261793] 
SACK Ranges: [2710012186 - 2710013646] 
SACK Ranges: [1497262457 - 1497262493] 
SACK Ranges: [2711358610 - 2711360070] 
SACK Ranges: [1497262877 - 1497262913] 
SACK Ranges: [1497263017 - 1497263053] 
SACK Ranges: [2712731998 - 2712733458] 
SACK Ranges: [1497264733 - 1497264769] 
SACK Ranges: [1497265957 - 1497265993] 
SACK Ranges: [1497266553 - 1497266589] 
SACK Ranges: [1497266729 - 1497266797] 
SACK Ranges: [1497267673 - 1497267709] 
SACK Ranges: [2722770022 - 2722771482] 
SACK Ranges: [1497268757 - 1497268793] 
SACK Ranges: [1497268933 - 1497268969] 
SACK Ranges: [2723819750 - 2723821210] 
SACK Ranges: [1497269249 - 1497269317] 
SACK Ranges: [1497269529 - 1497269597] 
SACK Ranges: [2728185602 - 2728187062] 
SACK Ranges: [1497271909 - 1497271977] 
SACK Ranges: [1497272189 - 1497272257] 
SACK Ranges: [1497272397 - 1497272433] 
SACK Ranges: [1497272609 - 1497272677] 
SACK Ranges: [1497272817 - 1497272853] 
SACK Ranges: [1497273237 - 1497273273] 
SACK Ranges: [1497275617 - 1497275653] 
SACK Ranges: [1497276737 - 1497276773] 
SACK Ranges: [1497277121 - 1497277157] 
SACK Ranges: [1497277261 - 1497277297] 
SACK Ranges: [1497277401 - 1497277437] 
SACK Ranges: [2739472562 - 2739474022] 
SACK Ranges: [2739591414 - 2739592874] 
SACK Ranges: [1497277893 - 1497277961] 
SACK Ranges: [1497278417 - 1497278453] 
SACK Ranges: [1497279361 - 1497279397] 
SACK Ranges: [2743331754 - 2743333214] 
SACK Ranges: [1497279817 - 1497279853] 
SACK Ranges: [2744775130 - 2744776590] 
SACK Ranges: [1497280937 - 1497280973] 
SACK Ranges: [1497281393 - 1497281461] 
SACK Ranges: [2746946034 - 2746947494] 
SACK Ranges: [2747957118 - 2747958578] 
SACK Ranges: [1497283493 - 1497283529] 
SACK Ranges: [2753435386 - 2753436846] 
SACK Ranges: [1497285069 - 1497285137] 
SACK Ranges: [1497286433 - 1497286469] 
SACK Ranges: [1497286713 - 1497286749] 
SACK Ranges: [1497287377 - 1497287413] 
SACK Ranges: [1497287553 - 1497287589] 
SACK Ranges: [1497287729 - 1497287797] 
SACK Ranges: [1497288113 - 1497288149] 
SACK Ranges: [1497288673 - 1497288709] 
SACK Ranges: [1497288989 - 1497289057] 
SACK Ranges: [1497289269 - 1497289337] 
SACK Ranges: [1497291577 - 1497291613] 
SACK Ranges: [2765835298 - 2765836758] 
SACK Ranges: [1497291997 - 1497292033] 
SACK Ranges: [2769017286 - 2769018746] 
SACK Ranges: [1497293609 - 1497293677] 
SACK Ranges: [1497294273 - 1497294309] 
SACK Ranges: [1497294589 - 1497294657] 
SACK Ranges: [1497294693 - 1497294729] 
SACK Ranges: [1497295009 - 1497295077] 
SACK Ranges: [1497296617 - 1497296653] 
SACK Ranges: [2776102950 - 2776104410] 
SACK Ranges: [1497297177 - 1497297213] 
SACK Ranges: [1497297389 - 1497297457] 
SACK Ranges: [2776988658 - 2776990118] 
SACK Ranges: [2777452294 - 2777453754] 
SACK Ranges: [1497298229 - 1497298297] 
SACK Ranges: [1497298613 - 1497298649] 
SACK Ranges: [1497298997 - 1497299033] 
SACK Ranges: [1497300329 - 1497300397] 
SACK Ranges: [2782897758 - 2782899218] 
SACK Ranges: [1497301237 - 1497301273] 
SACK Ranges: [1497301693 - 1497301761] 
SACK Ranges: [2784893738 - 2784895198] 
SACK Ranges: [1497302741 - 1497302777] 
SACK Ranges: [2787092290 - 2787093750] 
SACK Ranges: [1497303057 - 1497303093] 
SACK Ranges: [2787222822 - 2787224282] 
SACK Ranges: [2787682762 - 2787684222] 
SACK Ranges: [1497303581 - 1497303617] 
SACK Ranges: [1497303933 - 1497304001] 
SACK Ranges: [2789387886 - 2789389346] 
SACK Ranges: [1497305473 - 1497305541] 
SACK Ranges: [1497306241 - 1497306277] 
SACK Ranges: [1497306417 - 1497306453] 
SACK Ranges: [2794382078 - 2794383538] 
SACK Ranges: [1497307501 - 1497307537] 
SACK Ranges: [1497307817 - 1497307853] 
SACK Ranges: [1497307921 - 1497307957] 
SACK Ranges: [2796539842 - 2796541302] 
SACK Ranges: [2796802274 - 2796803734] 
SACK Ranges: [1497308797 - 1497308833] 
SACK Ranges: [1497308901 - 1497308937] 
SACK Ranges: [2798573690 - 2798575150] 
SACK Ranges: [1497309217 - 1497309253] 
SACK Ranges: [2799037326 - 2799038786] 
SACK Ranges: [1497309533 - 1497309601] 
SACK Ranges: [1497309881 - 1497309917] 
SACK Ranges: [1497309953 - 1497310021] 
SACK Ranges: [1497310093 - 1497310161] 
SACK Ranges: [1497310861 - 1497310897] 
SACK Ranges: [1497311141 - 1497311177] 
SACK Ranges: [1497311597 - 1497311633] 
SACK Ranges: [1497311737 - 1497311773] 
SACK Ranges: [1497311877 - 1497311913] 
SACK Ranges: [1497313873 - 1497313941] 
SACK Ranges: [1497315133 - 1497315201] 
SACK Ranges: [1497315901 - 1497315937] 
SACK Ranges: [1497316393 - 1497316461] 
SACK Ranges: [2812744334 - 2812745794] 
SACK Ranges: [1497316881 - 1497316917] 
SACK Ranges: [1497316953 - 1497317021] 
SACK Ranges: [2814746062 - 2814747522] 
SACK Ranges: [2815139026 - 2815140486] 
SACK Ranges: [1497318353 - 1497318421] 
SACK Ranges: [1497318457 - 1497318493] 
SACK Ranges: [1497318737 - 1497318773] 
SACK Ranges: [1497319193 - 1497319261] 
SACK Ranges: [2818983618 - 2818985078] 
SACK Ranges: [2819469838 - 2819471298] 
SACK Ranges: [2819765074 - 2819766534] 
SACK Ranges: [1497320765 - 1497320801] 
SACK Ranges: [1497320905 - 1497320941] 
SACK Ranges: [1497320977 - 1497321045] 
SACK Ranges: [1497321605 - 1497321641] 
SACK Ranges: [1497321677 - 1497321745] 
SACK Ranges: [1497322165 - 1497322201] 
SACK Ranges: [1497322377 - 1497322445] 
SACK Ranges: [1497322621 - 1497322657] 
SACK Ranges: [1497323565 - 1497323601] 
SACK Ranges: [1497324617 - 1497324685] 
SACK Ranges: [1497325177 - 1497325245] 
SACK Ranges: [2829476518 - 2829477978] 
SACK Ranges: [1497326261 - 1497326297] 
SACK Ranges: [1497326645 - 1497326681] 
SACK Ranges: [1497326717 - 1497326785] 
SACK Ranges: [1497326857 - 1497326925] 
SACK Ranges: [1497327521 - 1497327557] 
SACK Ranges: [2834362854 - 2834364314] 
SACK Ranges: [1497328361 - 1497328397] 
SACK Ranges: [1497328465 - 1497328501] 
SACK Ranges: [1497328641 - 1497328677] 
SACK Ranges: [1497328921 - 1497328957] 
SACK Ranges: [1497330077 - 1497330145] 
SACK Ranges: [1497331617 - 1497331685] 
SACK Ranges: [1497331965 - 1497332001] 
SACK Ranges: [1497332105 - 1497332141] 
SACK Ranges: [2841685446 - 2841686906] 
SACK Ranges: [1497334137 - 1497334205] 
SACK Ranges: [1497334277 - 1497334345] 
SACK Ranges: [1497334977 - 1497335045] 
SACK Ranges: [2847391882 - 2847393342] 
SACK Ranges: [1497335397 - 1497335465] 
SACK Ranges: [1497335677 - 1497335745] 
SACK Ranges: [1497336097 - 1497336165] 
SACK Ranges: [2849288674 - 2849290134] 
SACK Ranges: [1497336585 - 1497336621] 
SACK Ranges: [1497337041 - 1497337077] 
SACK Ranges: [1497337537 - 1497337609] 
SACK Ranges: [2852273838 - 2852275298] 
SACK Ranges: [1497338177 - 1497338605] 
SACK Ranges: [2852470662 - 2852472122] 
SACK Ranges: [1497339337 - 1497339373] 
SACK Ranges: [1497339793 - 1497339829] 
SACK Ranges: [1497340073 - 1497340109] 
SACK Ranges: [1497340737 - 1497340773] 
SACK Ranges: [1497341613 - 1497341649] 
SACK Ranges: [1497341997 - 1497342033] 
SACK Ranges: [1497342313 - 1497342349] 
SACK Ranges: [2860473838 - 2860475298] 
SACK Ranges: [2860634938 - 2860636398] 
SACK Ranges: [1497343257 - 1497343293] 
SACK Ranges: [1497343889 - 1497343957] 
SACK Ranges: [1497344169 - 1497344237] 
SACK Ranges: [1497344273 - 1497344309] 
SACK Ranges: [1497344377 - 1497344413] 
SACK Ranges: [1497344937 - 1497344973] 
SACK Ranges: [1497345077 - 1497345113] 
SACK Ranges: [1497345429 - 1497345497] 
SACK Ranges: [1497345533 - 1497345569] 
SACK Ranges: [1497345953 - 1497345989] 
SACK Ranges: [1497346477 - 1497346513] 
SACK Ranges: [2867396942 - 2867398402] 
SACK Ranges: [1497347073 - 1497347109] 
SACK Ranges: [1497347249 - 1497347317] 
SACK Ranges: [1497347669 - 1497347737] 
SACK Ranges: [2869918470 - 2869919930] 
SACK Ranges: [1497348229 - 1497348297] 
SACK Ranges: [1497348789 - 1497348857] 
SACK Ranges: [2872411574 - 2872413034] 
SACK Ranges: [1497349733 - 1497349769] 
SACK Ranges: [1497349909 - 1497349977] 
SACK Ranges: [1497350713 - 1497350749] 
SACK Ranges: [1497350817 - 1497350853] 
SACK Ranges: [1497351169 - 1497351237] 
SACK Ranges: [1497352533 - 1497352569] 
SACK Ranges: [1497352673 - 1497352709] 
SACK Ranges: [1497352813 - 1497352849] 
SACK Ranges: [1497352917 - 1497352953] 
SACK Ranges: [1497353549 - 1497353617] 
SACK Ranges: [2880780974 - 2880782434] 
SACK Ranges: [1497354737 - 1497354773] 
SACK Ranges: [1497355053 - 1497355089] 
SACK Ranges: [1497355473 - 1497355509] 
SACK Ranges: [1497356769 - 1497356837] 
SACK Ranges: [1497357853 - 1497357921] 
SACK Ranges: [1497358201 - 1497358237] 
SACK Ranges: [1497358341 - 1497358377] 
SACK Ranges: [2890097310 - 2890098770] 
SACK Ranges: [1497359461 - 1497359497] 
SACK Ranges: [2891995562 - 2891997022] 
SACK Ranges: [1497359953 - 1497360021] 
SACK Ranges: [1497360197 - 1497360233] 
SACK Ranges: [1497361353 - 1497361421] 
SACK Ranges: [1497361633 - 1497361701] 
SACK Ranges: [1497362261 - 1497362297] 
SACK Ranges: [1497363077 - 1497363145] 
SACK Ranges: [1497363425 - 1497363461] 
SACK Ranges: [1497363881 - 1497363917] 
SACK Ranges: [1497364265 - 1497364301] 
SACK Ranges: [1497364477 - 1497364545] 
SACK Ranges: [1497364685 - 1497364721] 
SACK Ranges: [2900363502 - 2900364962] 
SACK Ranges: [1497365805 - 1497365841] 
SACK Ranges: [2902886490 - 2902887950] 
SACK Ranges: [1497367037 - 1497367073] 
SACK Ranges: [2904722830 - 2904724290] 
SACK Ranges: [2904789122 - 2904790582] 
SACK Ranges: [1497367317 - 1497367353] 
SACK Ranges: [1497367737 - 1497367805] 
SACK Ranges: [2906696134 - 2906697594] 
SACK Ranges: [1497368505 - 1497368541] 
SACK Ranges: [1497369521 - 1497369557] 
SACK Ranges: [2909615690 - 2909617150] 
SACK Ranges: [1497370501 - 1497370537] 
SACK Ranges: [1497370817 - 1497370885] 
SACK Ranges: [2912208666 - 2912210126] 
SACK Ranges: [2912530866 - 2912532326] 
SACK Ranges: [1497371481 - 1497371517] 
SACK Ranges: [1497371621 - 1497371657] 
SACK Ranges: [2913383770 - 2913385230] 
SACK Ranges: [1497371937 - 1497372005] 
SACK Ranges: [2913743930 - 2913745390] 
SACK Ranges: [1497372145 - 1497372181] 
SACK Ranges: [2915154502 - 2915155962] 
SACK Ranges: [1497372917 - 1497372985] 
SACK Ranges: [1497373161 - 1497373197] 
SACK Ranges: [1497373265 - 1497373301] 
SACK Ranges: [1497373545 - 1497373581] 
SACK Ranges: [1497374805 - 1497374841] 
SACK Ranges: [2921485674 - 2921487134] 
SACK Ranges: [1497376417 - 1497376485] 
SACK Ranges: [1497376661 - 1497376697] 
SACK Ranges: [2922510582 - 2922512042] 
SACK Ranges: [1497376801 - 1497376837] 
SACK Ranges: [1497376905 - 1497376941] 
SACK Ranges: [1497377221 - 1497377257] 
SACK Ranges: [1497377501 - 1497377537] 
SACK Ranges: [2924149322 - 2924150782] 
SACK Ranges: [2925390034 - 2925391494] 
SACK Ranges: [1497378341 - 1497378377] 
SACK Ranges: [2925718074 - 2925719534] 
SACK Ranges: [1497378621 - 1497378657] 
SACK Ranges: [1497379637 - 1497379705] 
SACK Ranges: [1497382085 - 1497382121] 
SACK Ranges: [2933655958 - 2933657418] 
SACK Ranges: [2934115898 - 2934117358] 
SACK Ranges: [1497383065 - 1497383101] 
SACK Ranges: [1497383345 - 1497383381] 
SACK Ranges: [1497383837 - 1497383905] 
SACK Ranges: [2935952922 - 2935954382] 
SACK Ranges: [2935985042 - 2935986502] 
SACK Ranges: [2936018530 - 2936019990] 
SACK Ranges: [1497384781 - 1497384817] 
SACK Ranges: [1497385621 - 1497385657] 
SACK Ranges: [1497385761 - 1497385797] 
SACK Ranges: [2940643894 - 2940645354] 
SACK Ranges: [1497386461 - 1497386529] 
SACK Ranges: [2941238746 - 2941240206] 
SACK Ranges: [1497386741 - 1497386809] 
SACK Ranges: [2941434110 - 2941435570] 
SACK Ranges: [2942841078 - 2942842538] 
SACK Ranges: [1497387581 - 1497387649] 
SACK Ranges: [2943369546 - 2943371006] 
SACK Ranges: [1497388281 - 1497388349] 
SACK Ranges: [1497389189 - 1497389225] 
SACK Ranges: [1497390145 - 1497390181] 
SACK Ranges: [1497390285 - 1497390321] 
SACK Ranges: [1497390425 - 1497390461] 
SACK Ranges: [1497390949 - 1497390985] 
SACK Ranges: [2949762722 - 2949764182] 
SACK Ranges: [1497391721 - 1497391789] 
SACK Ranges: [1497391825 - 1497391861] 
SACK Ranges: [2951074882 - 2951076342] 
SACK Ranges: [1497392701 - 1497392769] 
SACK Ranges: [1497394345 - 1497394381] 
SACK Ranges: [1497395045 - 1497395081] 
SACK Ranges: [2956225110 - 2956226570] 
SACK Ranges: [2956692350 - 2956693810] 
SACK Ranges: [1497395465 - 1497395501] 
SACK Ranges: [1497396129 - 1497396165] 
SACK Ranges: [1497396341 - 1497396409] 
SACK Ranges: [2958659130 - 2958660590] 
SACK Ranges: [1497397145 - 1497397181] 
SACK Ranges: [1497398161 - 1497398229] 
SACK Ranges: [1497398301 - 1497398369] 
SACK Ranges: [2962884322 - 2962885782] 
SACK Ranges: [1497399701 - 1497399769] 
SACK Ranges: [2965354066 - 2965355526] 
SACK Ranges: [1497400541 - 1497400609] 
SACK Ranges: [2968727038 - 2968728498] 
SACK Ranges: [1497401801 - 1497401869] 
SACK Ranges: [1497402009 - 1497402045] 
SACK Ranges: [1497402185 - 1497402221] 
SACK Ranges: [1497402325 - 1497402361] 
SACK Ranges: [2971123190 - 2971124650] 
SACK Ranges: [1497403549 - 1497403585] 
SACK Ranges: [2972102930 - 2972104390] 
SACK Ranges: [1497403761 - 1497403829] 
SACK Ranges: [2972562186 - 2972563646] 
SACK Ranges: [1497404985 - 1497405053] 
SACK Ranges: [1497405369 - 1497405405] 
SACK Ranges: [1497405825 - 1497405893] 
SACK Ranges: [1497406209 - 1497406245] 
SACK Ranges: [1497407329 - 1497407365] 
SACK Ranges: [1497407433 - 1497407469] 
SACK Ranges: [1497407505 - 1497407573] 
SACK Ranges: [1497408485 - 1497408553] 
SACK Ranges: [1497408833 - 1497408869] 
SACK Ranges: [1497410689 - 1497410725] 
SACK Ranges: [1497411353 - 1497411389] 
SACK Ranges: [1497411529 - 1497411565] 
SACK Ranges: [1497411633 - 1497411669] 
SACK Ranges: [1497411985 - 1497412053] 
SACK Ranges: [1497412333 - 1497412369] 
SACK Ranges: [2988668266 - 2988669726] 
SACK Ranges: [2988733874 - 2988735334] 
SACK Ranges: [2989160326 - 2989161786] 
SACK Ranges: [1497413501 - 1497413537] 
SACK Ranges: [2991068022 - 2991069482] 
SACK Ranges: [1497414237 - 1497414305] 
SACK Ranges: [1497415041 - 1497415077] 
SACK Ranges: [1497415425 - 1497415461] 
SACK Ranges: [1497415705 - 1497415741] 
SACK Ranges: [1497417457 - 1497417525] 
SACK Ranges: [1497418925 - 1497418961] 
SACK Ranges: [3000354474 - 3000355934] 
SACK Ranges: [3001398362 - 3001399822] 
SACK Ranges: [1497420957 - 1497421025] 
SACK Ranges: [3003890006 - 3003891466] 
SACK Ranges: [1497421097 - 1497421165] 
SACK Ranges: [1497421901 - 1497421937] 
SACK Ranges: [1497422005 - 1497422041] 
SACK Ranges: [1497422077 - 1497422145] 
SACK Ranges: [1497422321 - 1497422357] 
SACK Ranges: [3007636962 - 3007638422] 
SACK Ranges: [1497423757 - 1497423825] 
SACK Ranges: [3009893138 - 3009894598] 
SACK Ranges: [1497424525 - 1497424561] 
SACK Ranges: [1497424597 - 1497424665] 
SACK Ranges: [3010942182 - 3010943642] 
SACK Ranges: [3011566142 - 3011567602] 
SACK Ranges: [1497425505 - 1497425541] 
SACK Ranges: [1497426661 - 1497426697] 
SACK Ranges: [1497426765 - 1497426801] 
SACK Ranges: [1497426905 - 1497426941] 
SACK Ranges: [1497427221 - 1497427257] 
SACK Ranges: [1497427501 - 1497427537] 
SACK Ranges: [1497427677 - 1497427745] 
SACK Ranges: [1497427817 - 1497427885] 
SACK Ranges: [1497428097 - 1497428165] 
SACK Ranges: [1497428725 - 1497428761] 
SACK Ranges: [3020160790 - 3020162250] 
SACK Ranges: [3020587242 - 3020588702] 
SACK Ranges: [3020885398 - 3020886858] 
SACK Ranges: [1497430685 - 1497430721] 
SACK Ranges: [1497430929 - 1497430965] 
SACK Ranges: [1497431385 - 1497431421] 
SACK Ranges: [1497431665 - 1497431701] 
SACK Ranges: [1497432785 - 1497432821] 
SACK Ranges: [1497433169 - 1497433205] 
SACK Ranges: [1497433729 - 1497433765] 
SACK Ranges: [3027738514 - 3027739974] 
SACK Ranges: [1497434045 - 1497434081] 
SACK Ranges: [3029247498 - 3029248958] 
SACK Ranges: [1497434717 - 1497434753] 
SACK Ranges: [1497435213 - 1497435249] 
SACK Ranges: [3031658610 - 3031660070] 
SACK Ranges: [1497436709 - 1497436909] 
SACK Ranges: [3033306110 - 3033307570] 
SACK Ranges: [1497438869 - 1497438937] 
SACK Ranges: [1497440409 - 1497440477] 
SACK Ranges: [3039206450 - 3039207910] 
SACK Ranges: [1497441037 - 1497441073] 
SACK Ranges: [1497441109 - 1497441177] 
SACK Ranges: [1497441949 - 1497442017] 
SACK Ranges: [3042188010 - 3042189470] 
SACK Ranges: [3044648994 - 3044650454] 
SACK Ranges: [1497444853 - 1497444889] 
SACK Ranges: [3047276234 - 3047277694] 
SACK Ranges: [1497445869 - 1497445937] 
SACK Ranges: [3049241554 - 3049243014] 
SACK Ranges: [3049668006 - 3049669466] 
SACK Ranges: [1497446709 - 1497446777] 
SACK Ranges: [1497447197 - 1497447233] 
SACK Ranges: [1497447269 - 1497447337] 
SACK Ranges: [3052062014 - 3052063474] 
SACK Ranges: [1497447969 - 1497448037] 
SACK Ranges: [1497448249 - 1497448317] 
SACK Ranges: [1497448633 - 1497448669] 
SACK Ranges: [1497448809 - 1497448877] 
SACK Ranges: [3054227762 - 3054229222] 
SACK Ranges: [3054588606 - 3054590066] 
SACK Ranges: [1497449369 - 1497449437] 
SACK Ranges: [1497449613 - 1497449649] 
SACK Ranges: [3055637650 - 3055639110] 
SACK Ranges: [1497450069 - 1497450137] 
SACK Ranges: [1497450489 - 1497450557] 
SACK Ranges: [3057442554 - 3057444014] 
SACK Ranges: [3057606574 - 3057608034] 
SACK Ranges: [1497451397 - 1497451433] 
SACK Ranges: [1497451469 - 1497451537] 
SACK Ranges: [3059082754 - 3059084214] 
SACK Ranges: [3059312382 - 3059313842] 
SACK Ranges: [1497452309 - 1497452377] 
SACK Ranges: [1497454197 - 1497454233] 
SACK Ranges: [3065217102 - 3065218562] 
SACK Ranges: [1497455073 - 1497455141] 
SACK Ranges: [1497455177 - 1497455213] 
SACK Ranges: [3066766190 - 3066767650] 
SACK Ranges: [1497455913 - 1497455981] 
SACK Ranges: [1497457925 - 1497457961] 
SACK Ranges: [1497459361 - 1497459429] 
SACK Ranges: [1497459465 - 1497459501] 
SACK Ranges: [1497459709 - 1497459745] 
SACK Ranges: [3074041378 - 3074042838] 
SACK Ranges: [1497460549 - 1497460585] 
SACK Ranges: [1497461005 - 1497461041] 
SACK Ranges: [1497461145 - 1497461181] 
SACK Ranges: [1497461249 - 1497461285] 
SACK Ranges: [1497461321 - 1497461389] 
SACK Ranges: [3076567286 - 3076568746] 
SACK Ranges: [3078732350 - 3078733810] 
SACK Ranges: [1497463665 - 1497463701] 
SACK Ranges: [1497464821 - 1497464889] 
SACK Ranges: [3084537974 - 3084539434] 
SACK Ranges: [1497466465 - 1497466501] 
SACK Ranges: [1497466605 - 1497466641] 
SACK Ranges: [1497467621 - 1497467689] 
SACK Ranges: [1497467725 - 1497467761] 
SACK Ranges: [3090508986 - 3090510446] 
SACK Ranges: [1497469161 - 1497469229] 
SACK Ranges: [3092511490 - 3092512950] 
SACK Ranges: [1497470105 - 1497470141] 
SACK Ranges: [1497470385 - 1497470421] 
SACK Ranges: [1497470909 - 1497470945] 
SACK Ranges: [1497471821 - 1497471889] 
SACK Ranges: [1497472625 - 1497472661] 
SACK Ranges: [1497472905 - 1497472941] 
SACK Ranges: [3098545966 - 3098547426] 
SACK Ranges: [3098610890 - 3098612350] 
SACK Ranges: [1497473813 - 1497473849] 
SACK Ranges: [1497474025 - 1497474093] 
SACK Ranges: [1497474269 - 1497474305] 
SACK Ranges: [1497474549 - 1497474585] 
SACK Ranges: [1497474933 - 1497474969] 
SACK Ranges: [3104091302 - 3104092762] 
SACK Ranges: [3104647510 - 3104648970] 
SACK Ranges: [1497476753 - 1497476789] 
SACK Ranges: [1497477105 - 1497477173] 
SACK Ranges: [1497477349 - 1497477385] 
SACK Ranges: [1497477525 - 1497477593] 
SACK Ranges: [3107042202 - 3107043662] 
SACK Ranges: [1497477909 - 1497477945] 
SACK Ranges: [3107501458 - 3107502918] 
SACK Ranges: [1497478189 - 1497478225] 
SACK Ranges: [1497478293 - 1497478329] 
SACK Ranges: [1497478433 - 1497478469] 
SACK Ranges: [1497478785 - 1497478853] 
SACK Ranges: [1497478993 - 1497479029] 
SACK Ranges: [1497479413 - 1497479449] 
SACK Ranges: [1497480533 - 1497480569] 
SACK Ranges: [1497480673 - 1497480709] 
SACK Ranges: [3114685534 - 3114686994] 
SACK Ranges: [1497481969 - 1497482005] 
SACK Ranges: [1497482285 - 1497482353] 
SACK Ranges: [1497482425 - 1497482493] 
SACK Ranges: [1497483893 - 1497483929] 
SACK Ranges: [1497484525 - 1497484593] 
SACK Ranges: [1497484629 - 1497484665] 
SACK Ranges: [1497484769 - 1497484805] 
SACK Ranges: [3120295018 - 3120296478] 
SACK Ranges: [1497485189 - 1497485225] 
SACK Ranges: [1497485293 - 1497485329] 
SACK Ranges: [1497485749 - 1497485785] 
SACK Ranges: [3122072274 - 3122073734] 
SACK Ranges: [1497486449 - 1497486485] 
SACK Ranges: [3123476322 - 3123477782] 
SACK Ranges: [1497487605 - 1497487673] 
SACK Ranges: [1497487849 - 1497487885] 
SACK Ranges: [3128396922 - 3128398382] 
SACK Ranges: [3128495334 - 3128496794] 
SACK Ranges: [1497489353 - 1497489389] 
SACK Ranges: [1497490193 - 1497490229] 
SACK Ranges: [1497490825 - 1497490893] 
SACK Ranges: [1497490965 - 1497491033] 
SACK Ranges: [3133154186 - 3133155646] 
SACK Ranges: [1497492013 - 1497492049] 
SACK Ranges: [1497494009 - 1497494077] 
SACK Ranges: [1497494637 - 1497494673] 
SACK Ranges: [1497495197 - 1497495233] 
SACK Ranges: [3139653758 - 3139655218] 
SACK Ranges: [1497495513 - 1497495549] 
SACK Ranges: [1497495793 - 1497495829] 
SACK Ranges: [3141059950 - 3141061410] 
SACK Ranges: [1497496737 - 1497496773] 
SACK Ranges: [3143585858 - 3143587318] 
SACK Ranges: [1497497369 - 1497497437] 
SACK Ranges: [3144146446 - 3144147906] 
SACK Ranges: [1497497717 - 1497497753] 
SACK Ranges: [1497498069 - 1497498137] 
SACK Ranges: [1497498417 - 1497498453] 
SACK Ranges: [3145586902 - 3145588362] 
SACK Ranges: [3147063082 - 3147064542] 
SACK Ranges: [1497499853 - 1497499889] 
SACK Ranges: [3149134114 - 3149135574] 
SACK Ranges: [1497500937 - 1497500973] 
SACK Ranges: [3150507502 - 3150508962] 
SACK Ranges: [1497501217 - 1497501253] 
SACK Ranges: [1497501429 - 1497501497] 
SACK Ranges: [1497501533 - 1497501569] 
SACK Ranges: [1497501637 - 1497501673] 
SACK Ranges: [1497502093 - 1497502129] 
SACK Ranges: [1497502233 - 1497502269] 
SACK Ranges: [3154247158 - 3154248618] 
SACK Ranges: [1497503213 - 1497503249] 
SACK Ranges: [3155788262 - 3155789722] 
SACK Ranges: [3156182594 - 3156184054] 
SACK Ranges: [1497504157 - 1497504193] 
SACK Ranges: [1497504369 - 1497504437] 
SACK Ranges: [1497504509 - 1497504577] 
SACK Ranges: [1497505137 - 1497505173] 
SACK Ranges: [1497505313 - 1497505349] 
SACK Ranges: [1497505629 - 1497505697] 
SACK Ranges: [3159659818 - 3159661278] 
SACK Ranges: [3159725426 - 3159726886] 
SACK Ranges: [1497506013 - 1497506049] 
SACK Ranges: [1497506257 - 1497506293] 
SACK Ranges: [1497508029 - 1497508097] 
SACK Ranges: [3164519190 - 3164520650] 
SACK Ranges: [1497509497 - 1497509533] 
SACK Ranges: [1497509709 - 1497509777] 
SACK Ranges: [1497510617 - 1497510653] 
SACK Ranges: [3167637030 - 3167638490] 
SACK Ranges: [1497511981 - 1497512017] 
SACK Ranges: [1497513593 - 1497513661] 
SACK Ranges: [1497513697 - 1497513733] 
SACK Ranges: [1497514153 - 1497514221] 
SACK Ranges: [3173962362 - 3173963822] 
SACK Ranges: [1497514573 - 1497514641] 
SACK Ranges: [3175471346 - 3175472806] 
SACK Ranges: [1497515133 - 1497515201] 
SACK Ranges: [1497516077 - 1497516113] 
SACK Ranges: [1497516181 - 1497516217] 
SACK Ranges: [3177997254 - 3177998714] 
SACK Ranges: [1497516777 - 1497516813] 
SACK Ranges: [1497516881 - 1497516917] 
SACK Ranges: [1497517093 - 1497517161] 
SACK Ranges: [1497517477 - 1497517513] 
SACK Ranges: [3180063906 - 3180065366] 
SACK Ranges: [1497517757 - 1497517793] 
SACK Ranges: [1497517933 - 1497518001] 
SACK Ranges: [1497518281 - 1497518317] 
SACK Ranges: [1497518737 - 1497518773] 
SACK Ranges: [1497518877 - 1497518913] 
SACK Ranges: [3183049070 - 3183050530] 
SACK Ranges: [3184426838 - 3184428298] 
SACK Ranges: [1497520137 - 1497520173] 
SACK Ranges: [3186164766 - 3186166226] 
SACK Ranges: [1497520941 - 1497520977] 
SACK Ranges: [1497521153 - 1497521221] 
SACK Ranges: [1497521957 - 1497521993] 
SACK Ranges: [1497522797 - 1497522833] 
SACK Ranges: [1497523253 - 1497523321] 
SACK Ranges: [1497523461 - 1497523497] 
SACK Ranges: [3192532346 - 3192533806] 
SACK Ranges: [3194924118 - 3194925578] 
SACK Ranges: [1497526193 - 1497526261] 
SACK Ranges: [3197351614 - 3197353074] 
SACK Ranges: [1497527137 - 1497527173] 
SACK Ranges: [3198925522 - 3198926982] 
SACK Ranges: [1497527977 - 1497528013] 
SACK Ranges: [1497528257 - 1497528293] 
SACK Ranges: [1497528397 - 1497528433] 
SACK Ranges: [1497529421 - 1497529493] 
SACK Ranges: [1497529421 - 1497529529] 
SACK Ranges: [1497529953 - 1497530025] 
SACK Ranges: [1497529953 - 1497530169] 
SACK Ranges: [1497530417 - 1497530521] 
SACK Ranges: [1497531185 - 1497531221] 
SACK Ranges: [3204276178 - 3204277638] 
SACK Ranges: [3205228954 - 3205230414] 
SACK Ranges: [3206043990 - 3206045450] 
SACK Ranges: [1497532445 - 1497532481] 
SACK Ranges: [1497532937 - 1497533005] 
SACK Ranges: [3207720598 - 3207722058] 
SACK Ranges: [1497533845 - 1497533881] 
SACK Ranges: [1497534161 - 1497534197] 
SACK Ranges: [1497536681 - 1497536717] 
SACK Ranges: [1497536785 - 1497536821] 
SACK Ranges: [1497537277 - 1497537345] 
SACK Ranges: [3215853070 - 3215854530] 
SACK Ranges: [1497538221 - 1497538257] 
SACK Ranges: [1497538537 - 1497538605] 
SACK Ranges: [3218674214 - 3218675674] 
SACK Ranges: [3219428706 - 3219430166] 
SACK Ranges: [1497539621 - 1497539689] 
SACK Ranges: [1497539761 - 1497539829] 
SACK Ranges: [1497540181 - 1497540249] 
SACK Ranges: [1497540461 - 1497540529] 
SACK Ranges: [3222577890 - 3222579350] 
SACK Ranges: [1497541161 - 1497541229] 
SACK Ranges: [1497541509 - 1497541545] 
SACK Ranges: [1497541965 - 1497542001] 
SACK Ranges: [1497542209 - 1497542245] 
SACK Ranges: [1497542489 - 1497542525] 
SACK Ranges: [1497543821 - 1497543889] 
SACK Ranges: [1497544101 - 1497544169] 
SACK Ranges: [1497544345 - 1497544381] 
SACK Ranges: [1497544729 - 1497544765] 
SACK Ranges: [1497544941 - 1497545009] 
SACK Ranges: [1497545605 - 1497545641] 
SACK Ranges: [1497546061 - 1497546129] 
SACK Ranges: [1497546549 - 1497546585] 
SACK Ranges: [1497547249 - 1497547285] 
SACK Ranges: [1497547845 - 1497547881] 
SACK Ranges: [1497548021 - 1497548089] 
SACK Ranges: [3235765098 - 3235766558] 
SACK Ranges: [1497549001 - 1497549069] 
SACK Ranges: [1497549281 - 1497549349] 
SACK Ranges: [1497550749 - 1497550785] 
SACK Ranges: [3240785570 - 3240787030] 
SACK Ranges: [3241111466 - 3241112926] 
SACK Ranges: [1497552641 - 1497552709] 
SACK Ranges: [3245051550 - 3245053010] 
SACK Ranges: [1497553269 - 1497553305] 
SACK Ranges: [1497553901 - 1497553969] 
SACK Ranges: [1497554461 - 1497554529] 
SACK Ranges: [1497555509 - 1497555545] 
SACK Ranges: [3250957730 - 3250959190] 
SACK Ranges: [1497556525 - 1497556561] 
SACK Ranges: [1497556769 - 1497556805] 
SACK Ranges: [3251780750 - 3251782210] 
SACK Ranges: [1497558065 - 1497558101] 
SACK Ranges: [3255578714 - 3255580174] 
SACK Ranges: [1497559149 - 1497559185] 
SACK Ranges: [1497559325 - 1497559361] 
SACK Ranges: [1497560129 - 1497560165] 
SACK Ranges: [1497560341 - 1497560409] 
SACK Ranges: [1497560585 - 1497560621] 
SACK Ranges: [1497560761 - 1497560829] 
SACK Ranges: [1497561041 - 1497561109] 
SACK Ranges: [1497562685 - 1497562753] 
SACK Ranges: [3262894006 - 3262895466] 
SACK Ranges: [1497563033 - 1497563069] 
SACK Ranges: [1497563173 - 1497563209] 
SACK Ranges: [1497563665 - 1497563733] 
SACK Ranges: [3265223090 - 3265224550] 
SACK Ranges: [1497564609 - 1497564645] 
SACK Ranges: [1497565065 - 1497565133] 
SACK Ranges: [1497566289 - 1497566325] 
SACK Ranges: [1497566605 - 1497566673] 
SACK Ranges: [1497567025 - 1497567093] 
SACK Ranges: [3271719742 - 3271721202] 
SACK Ranges: [1497567445 - 1497567513] 
SACK Ranges: [3271980714 - 3271982174] 
SACK Ranges: [1497567653 - 1497567689] 
SACK Ranges: [1497567725 - 1497567793] 
SACK Ranges: [1497568705 - 1497568773] 
SACK Ranges: [3274473818 - 3274475278] 
SACK Ranges: [1497568949 - 1497568985] 
SACK Ranges: [1497569509 - 1497569545] 
SACK Ranges: [1497570033 - 1497570069] 
SACK Ranges: [3276671002 - 3276672462] 
SACK Ranges: [3276966922 - 3276968382] 
SACK Ranges: [1497570349 - 1497570385] 
SACK Ranges: [1497570593 - 1497570629] 
SACK Ranges: [3279722458 - 3279723918] 
SACK Ranges: [1497572385 - 1497572421] 
SACK Ranges: [1497572665 - 1497572701] 
SACK Ranges: [1497573961 - 1497573997] 
SACK Ranges: [3284150314 - 3284151774] 
SACK Ranges: [1497575045 - 1497575081] 
SACK Ranges: [1497575397 - 1497575465] 
SACK Ranges: [1497575781 - 1497575817] 
SACK Ranges: [1497575957 - 1497575993] 
SACK Ranges: [3287201770 - 3287203230] 
SACK Ranges: [1497576061 - 1497576097] 
SACK Ranges: [1497576237 - 1497576273] 
SACK Ranges: [1497577321 - 1497577357] 
SACK Ranges: [3291139710 - 3291141170] 
SACK Ranges: [1497578161 - 1497578197] 
SACK Ranges: [3291236662 - 3291238122] 
SACK Ranges: [1497578373 - 1497578441] 
SACK Ranges: [1497578513 - 1497578581] 
SACK Ranges: [1497579493 - 1497579561] 
SACK Ranges: [1497579737 - 1497579773] 
SACK Ranges: [3295052146 - 3295053606] 
SACK Ranges: [1497581101 - 1497581137] 
SACK Ranges: [1497581241 - 1497581277] 
SACK Ranges: [3298453542 - 3298455002] 
SACK Ranges: [1497582081 - 1497582117] 
SACK Ranges: [1497583341 - 1497583377] 
SACK Ranges: [3301340294 - 3301341754] 
SACK Ranges: [3302856578 - 3302858038] 
SACK Ranges: [3303220342 - 3303221802] 
SACK Ranges: [1497584637 - 1497584705] 
SACK Ranges: [1497584917 - 1497584985] 
SACK Ranges: [1497585337 - 1497585405] 
SACK Ranges: [3307080310 - 3307081770] 
SACK Ranges: [1497586737 - 1497586805] 
SACK Ranges: [1497586877 - 1497586945] 
SACK Ranges: [1497587681 - 1497587717] 
SACK Ranges: [1497588241 - 1497588277] 
SACK Ranges: [3310886258 - 3310887718] 
SACK Ranges: [3312110270 - 3312111730] 
SACK Ranges: [3313346602 - 3313348062] 
SACK Ranges: [1497590377 - 1497590445] 
SACK Ranges: [3314691566 - 3314693026] 
SACK Ranges: [3316495102 - 3316496562] 
SACK Ranges: [1497592581 - 1497592617] 
SACK Ranges: [1497592861 - 1497592897] 
SACK Ranges: [3318857674 - 3318859134] 
SACK Ranges: [1497594577 - 1497594645] 
SACK Ranges: [3323417430 - 3323418890] 
SACK Ranges: [1497595837 - 1497595905] 
SACK Ranges: [3324565570 - 3324567030] 
SACK Ranges: [3326139478 - 3326140938] 
SACK Ranges: [1497598509 - 1497598545] 
SACK Ranges: [1497599069 - 1497599105] 
SACK Ranges: [1497599209 - 1497599245] 
SACK Ranges: [1497599349 - 1497599385] 
SACK Ranges: [1497599561 - 1497599629] 
SACK Ranges: [1497599805 - 1497599841] 
SACK Ranges: [1497600261 - 1497600329] 
SACK Ranges: [1497600541 - 1497600609] 
SACK Ranges: [1497600961 - 1497601029] 
SACK Ranges: [3333983238 - 3333984698] 
SACK Ranges: [1497601589 - 1497601625] 
SACK Ranges: [1497602325 - 1497602361] 
SACK Ranges: [1497602641 - 1497602709] 
SACK Ranges: [1497603025 - 1497603061] 
SACK Ranges: [3337359130 - 3337360590] 
SACK Ranges: [1497603621 - 1497603689] 
SACK Ranges: [1497603725 - 1497603761] 
SACK Ranges: [1497604109 - 1497604145] 
SACK Ranges: [3340447086 - 3340448546] 
SACK Ranges: [1497605089 - 1497605125] 
SACK Ranges: [1497606069 - 1497606105] 
SACK Ranges: [1497607189 - 1497607225] 
SACK Ranges: [3344707226 - 3344708686] 
SACK Ranges: [1497607365 - 1497607401] 
SACK Ranges: [3344971118 - 3344972578] 
SACK Ranges: [1497607749 - 1497607785] 
SACK Ranges: [3347003506 - 3347004966] 
SACK Ranges: [1497608589 - 1497608625] 
SACK Ranges: [1497609429 - 1497609465] 
SACK Ranges: [1497609813 - 1497609849] 
SACK Ranges: [1497610793 - 1497610829] 
SACK Ranges: [3352123850 - 3352125310] 
SACK Ranges: [1497611249 - 1497611285] 
SACK Ranges: [3352186538 - 3352187998] 
SACK Ranges: [1497612053 - 1497612089] 
SACK Ranges: [1497612753 - 1497612789] 
SACK Ranges: [1497613105 - 1497613173] 
SACK Ranges: [3356319158 - 3356320618] 
SACK Ranges: [1497613909 - 1497613945] 
SACK Ranges: [1497614013 - 1497614049] 
SACK Ranges: [1497614189 - 1497614225] 
SACK Ranges: [3357734794 - 3357736254] 
SACK Ranges: [1497614889 - 1497614925] 
SACK Ranges: [1497615065 - 1497615133] 
SACK Ranges: [1497615309 - 1497615345] 
SACK Ranges: [3360059498 - 3360060958] 
SACK Ranges: [1497616605 - 1497616673] 
SACK Ranges: [1497617653 - 1497617689] 
SACK Ranges: [1497617969 - 1497618005] 
SACK Ranges: [1497618493 - 1497618529] 
SACK Ranges: [1497618705 - 1497618773] 
SACK Ranges: [1497618949 - 1497618985] 
SACK Ranges: [1497619125 - 1497619193] 
SACK Ranges: [1497619265 - 1497619333] 
SACK Ranges: [1497620069 - 1497620105] 
SACK Ranges: [1497620173 - 1497620209] 
SACK Ranges: [1497620593 - 1497620629] 
SACK Ranges: [1497621049 - 1497621085] 
SACK Ranges: [1497621433 - 1497621469] 
SACK Ranges: [1497622065 - 1497622133] 
SACK Ranges: [1497622449 - 1497622485] 
SACK Ranges: [1497623605 - 1497623673] 
SACK Ranges: [3375968754 - 3375970214] 
SACK Ranges: [1497624513 - 1497624549] 
SACK Ranges: [1497626193 - 1497626229] 
SACK Ranges: [1497626405 - 1497626473] 
SACK Ranges: [3380988450 - 3380989910] 
SACK Ranges: [1497626825 - 1497626893] 
SACK Ranges: [3381520614 - 3381522074] 
SACK Ranges: [3383292030 - 3383293490] 
SACK Ranges: [1497627977 - 1497628013] 
SACK Ranges: [1497628257 - 1497628293] 
SACK Ranges: [1497628713 - 1497628749] 
SACK Ranges: [1497629693 - 1497629729] 
SACK Ranges: [1497630077 - 1497630113] 
SACK Ranges: [1497630709 - 1497630777] 
SACK Ranges: [1497631233 - 1497631269] 
SACK Ranges: [1497632037 - 1497632073] 
SACK Ranges: [3391091398 - 3391092858] 
SACK Ranges: [1497633509 - 1497633577] 
SACK Ranges: [3394110050 - 3394111510] 
SACK Ranges: [3394372482 - 3394373942] 
SACK Ranges: [1497634033 - 1497634069] 
SACK Ranges: [1497634277 - 1497634313] 
SACK Ranges: [1497635257 - 1497635293] 
SACK Ranges: [1497635433 - 1497635469] 
SACK Ranges: [1497635573 - 1497635609] 
SACK Ranges: [1497636237 - 1497636273] 
SACK Ranges: [1497636657 - 1497636693] 
SACK Ranges: [3399723914 - 3399725374] 
SACK Ranges: [1497637393 - 1497637429] 
SACK Ranges: [1497637849 - 1497637917] 
SACK Ranges: [3401950206 - 3401951666] 
SACK Ranges: [1497638129 - 1497638197] 
SACK Ranges: [1497639493 - 1497639529] 
SACK Ranges: [1497641577 - 1497641861] 
SACK Ranges: [3407986142 - 3407987602] 
SACK Ranges: [1497642525 - 1497642561] 
SACK Ranges: [3409954382 - 3409955842] 
SACK Ranges: [1497643297 - 1497643365] 
SACK Ranges: [3410747518 - 3410748978] 
SACK Ranges: [3411241038 - 3411242498] 
SACK Ranges: [1497643717 - 1497643785] 
SACK Ranges: [1497644381 - 1497644417] 
SACK Ranges: [1497644485 - 1497644521] 
SACK Ranges: [1497645501 - 1497645537] 
SACK Ranges: [1497645641 - 1497645677] 
SACK Ranges: [3415435570 - 3415437030] 
SACK Ranges: [1497646025 - 1497646061] 
SACK Ranges: [1497646761 - 1497646797] 
SACK Ranges: [1497646937 - 1497647005] 
SACK Ranges: [1497647249 - 1497647285] 
SACK Ranges: [1497647389 - 1497647425] 
SACK Ranges: [1497647529 - 1497647565] 
SACK Ranges: [3419526626 - 3419528086] 
SACK Ranges: [3421140546 - 3421142006] 
SACK Ranges: [1497649349 - 1497649385] 
SACK Ranges: [1497649805 - 1497649841] 
SACK Ranges: [1497650085 - 1497650121] 
SACK Ranges: [1497651169 - 1497651205] 
SACK Ranges: [1497652045 - 1497652081] 
SACK Ranges: [3427410490 - 3427411950] 
SACK Ranges: [1497652989 - 1497653025] 
SACK Ranges: [1497653445 - 1497653481] 
SACK Ranges: [3430489002 - 3430490462] 
SACK Ranges: [1497654109 - 1497654145] 
SACK Ranges: [3430850530 - 3430851990] 
SACK Ranges: [3431059034 - 3431060494] 
SACK Ranges: [1497654565 - 1497654601] 
SACK Ranges: [1497654949 - 1497654985] 
SACK Ranges: [1497655021 - 1497655089] 
SACK Ranges: [3432785282 - 3432786742] 
SACK Ranges: [1497655301 - 1497655369] 
SACK Ranges: [1497655861 - 1497655929] 
SACK Ranges: [1497656209 - 1497656245] 
SACK Ranges: [1497657261 - 1497657329] 
SACK Ranges: [1497658905 - 1497658941] 
SACK Ranges: [1497659009 - 1497659045] 
SACK Ranges: [1497659429 - 1497659465] 
SACK Ranges: [1497659709 - 1497659745] 
SACK Ranges: [3441450602 - 3441452062] 
SACK Ranges: [1497659885 - 1497659921] 
SACK Ranges: [3441938282 - 3441939742] 
SACK Ranges: [3442758382 - 3442759842] 
SACK Ranges: [1497661109 - 1497661145] 
SACK Ranges: [3445809154 - 3445810614] 
SACK Ranges: [1497662273 - 1497662737] 
SACK Ranges: [3446172918 - 3446174378] 
SACK Ranges: [1497663085 - 1497663121] 
SACK Ranges: [1497663577 - 1497663645] 
SACK Ranges: [1497663821 - 1497663857] 
SACK Ranges: [3448826438 - 3448827898] 
SACK Ranges: [3449056750 - 3449058210] 
SACK Ranges: [1497665081 - 1497665117] 
SACK Ranges: [1497665185 - 1497665221] 
SACK Ranges: [1497665921 - 1497665957] 
SACK Ranges: [3452009110 - 3452010570] 
SACK Ranges: [1497666025 - 1497666061] 
SACK Ranges: [1497666201 - 1497666269] 
SACK Ranges: [1497667109 - 1497667145] 
SACK Ranges: [1497667881 - 1497667917] 
SACK Ranges: [1497668789 - 1497668825] 
SACK Ranges: [3458405890 - 3458407350] 
SACK Ranges: [1497669525 - 1497669561] 
SACK Ranges: [1497671449 - 1497671485] 
SACK Ranges: [1497671625 - 1497671661] 
SACK Ranges: [1497671905 - 1497671941] 
SACK Ranges: [1497672009 - 1497672045] 
SACK Ranges: [3463653846 - 3463655306] 
SACK Ranges: [1497672569 - 1497672605] 
SACK Ranges: [3464376218 - 3464377678] 
SACK Ranges: [1497673585 - 1497673621] 
SACK Ranges: [1497674041 - 1497674109] 
SACK Ranges: [3467525402 - 3467526862] 
SACK Ranges: [1497674601 - 1497674669] 
SACK Ranges: [1497674809 - 1497674845] 
SACK Ranges: [1497674985 - 1497675021] 
SACK Ranges: [1497675441 - 1497675509] 
SACK Ranges: [3469853802 - 3469855262] 
SACK Ranges: [1497675721 - 1497675789] 
SACK Ranges: [3472478122 - 3472479582] 
SACK Ranges: [3473233298 - 3473234758] 
SACK Ranges: [1497677789 - 1497677857] 
SACK Ranges: [3473987790 - 3473989250] 
SACK Ranges: [1497678629 - 1497678697] 
SACK Ranges: [3477647390 - 3477648850] 
SACK Ranges: [1497680169 - 1497680237] 
SACK Ranges: [3479156374 - 3479157834] 
SACK Ranges: [1497680693 - 1497680729] 
SACK Ranges: [1497681077 - 1497681113] 
SACK Ranges: [3481747206 - 3481748666] 
SACK Ranges: [1497682057 - 1497682093] 
SACK Ranges: [1497682161 - 1497682197] 
SACK Ranges: [3482439694 - 3482441154] 
SACK Ranges: [1497683281 - 1497683317] 
SACK Ranges: [3484571954 - 3484573414] 
SACK Ranges: [1497683597 - 1497683633] 
SACK Ranges: [1497683877 - 1497683913] 
SACK Ranges: [3485847706 - 3485849166] 
SACK Ranges: [1497685033 - 1497685101] 
SACK Ranges: [1497685381 - 1497685417] 
SACK Ranges: [1497685873 - 1497685941] 
SACK Ranges: [1497685977 - 1497686013] 
SACK Ranges: [1497686817 - 1497686853] 
SACK Ranges: [3493425430 - 3493426890] 
SACK Ranges: [3494639178 - 3494640638] 
SACK Ranges: [1497689441 - 1497689477] 
SACK Ranges: [1497689513 - 1497689581] 
SACK Ranges: [3495820806 - 3495822266] 
SACK Ranges: [1497690177 - 1497690213] 
SACK Ranges: [1497690281 - 1497690317] 
SACK Ranges: [3500675798 - 3500677258] 
SACK Ranges: [1497692313 - 1497692381] 
SACK Ranges: [1497692837 - 1497692873] 
SACK Ranges: [3502512138 - 3502513598] 
SACK Ranges: [1497693853 - 1497693921] 
SACK Ranges: [3504481062 - 3504482522] 
SACK Ranges: [1497694273 - 1497694341] 
SACK Ranges: [1497694413 - 1497694481] 
SACK Ranges: [1497694621 - 1497694657] 
SACK Ranges: [3505858830 - 3505860290] 
SACK Ranges: [1497695113 - 1497695181] 
SACK Ranges: [1497695393 - 1497695461] 
SACK Ranges: [1497695673 - 1497695741] 
SACK Ranges: [1497695917 - 1497695953] 
SACK Ranges: [1497696093 - 1497696161] 
SACK Ranges: [3508580878 - 3508582338] 
SACK Ranges: [1497697049 - 1497697189] 
SACK Ranges: [3510188958 - 3510190418] 
SACK Ranges: [1497698037 - 1497698105] 
SACK Ranges: [1497698317 - 1497698385] 
SACK Ranges: [3511369218 - 3511370678] 
SACK Ranges: [1497698841 - 1497698877] 
SACK Ranges: [1497700065 - 1497700101] 
SACK Ranges: [1497700625 - 1497700661] 
SACK Ranges: [1497701221 - 1497701289] 
SACK Ranges: [1497701361 - 1497701429] 
SACK Ranges: [1497701465 - 1497701501] 
SACK Ranges: [3517405154 - 3517406614] 
SACK Ranges: [1497702061 - 1497702129] 
SACK Ranges: [1497703041 - 1497703109] 
SACK Ranges: [1497703145 - 1497703181] 
SACK Ranges: [1497703705 - 1497703741] 
SACK Ranges: [1497703985 - 1497704021] 
SACK Ranges: [3523605110 - 3523606570] 
SACK Ranges: [1497705141 - 1497705209] 
SACK Ranges: [1497705385 - 1497705421] 
SACK Ranges: [1497706261 - 1497706329] 
SACK Ranges: [1497706365 - 1497706401] 
SACK Ranges: [1497706645 - 1497706681] 
SACK Ranges: [1497706749 - 1497706785] 
SACK Ranges: [1497706821 - 1497706889] 
SACK Ranges: [1497707101 - 1497707169] 
SACK Ranges: [3528132062 - 3528133522] 
SACK Ranges: [3529775866 - 3529777326] 
SACK Ranges: [1497709725 - 1497709761] 
SACK Ranges: [1497709829 - 1497709865] 
SACK Ranges: [3533250170 - 3533251630] 
SACK Ranges: [1497710881 - 1497710949] 
SACK Ranges: [1497711161 - 1497711229] 
SACK Ranges: [1497711441 - 1497711509] 
SACK Ranges: [1497711581 - 1497711649] 
SACK Ranges: [1497712421 - 1497712489] 
SACK Ranges: [1497712629 - 1497712665] 
SACK Ranges: [1497712841 - 1497712909] 
SACK Ranges: [1497712981 - 1497713049] 
SACK Ranges: [1497714345 - 1497714381] 
SACK Ranges: [1497714589 - 1497714625] 
SACK Ranges: [1497715045 - 1497715081] 
SACK Ranges: [1497715325 - 1497715361] 
SACK Ranges: [1497715429 - 1497715465] 
SACK Ranges: [1497716689 - 1497716725] 
SACK Ranges: [1497716761 - 1497716829] 
SACK Ranges: [3547883674 - 3547885134] 
SACK Ranges: [1497719281 - 1497719317] 
SACK Ranges: [3550177034 - 3550178494] 
SACK Ranges: [3551852958 - 3551854418] 
SACK Ranges: [1497720505 - 1497720541] 
SACK Ranges: [1497721417 - 1497721485] 
SACK Ranges: [3554113514 - 3554114974] 
SACK Ranges: [1497722325 - 1497722361] 
SACK Ranges: [1497722781 - 1497722817] 
SACK Ranges: [1497722957 - 1497723025] 
SACK Ranges: [1497723165 - 1497723201] 
SACK Ranges: [3557459522 - 3557460982] 
SACK Ranges: [1497724145 - 1497724181] 
SACK Ranges: [3559722314 - 3559723774] 
SACK Ranges: [3560871138 - 3560872598] 
SACK Ranges: [1497726037 - 1497726105] 
SACK Ranges: [1497726561 - 1497726597] 
SACK Ranges: [1497727121 - 1497727157] 
SACK Ranges: [1497727261 - 1497727297] 
SACK Ranges: [3565758250 - 3565759710] 
SACK Ranges: [1497727925 - 1497727961] 
SACK Ranges: [1497729081 - 1497729117] 
SACK Ranges: [3568710610 - 3568712070] 
SACK Ranges: [1497729537 - 1497729605] 
SACK Ranges: [1497730445 - 1497730481] 
SACK Ranges: [1497731145 - 1497731181] 
SACK Ranges: [1497731357 - 1497731425] 
SACK Ranges: [3572877402 - 3572878862] 
SACK Ranges: [3574780034 - 3574781494] 
SACK Ranges: [1497732825 - 1497732861] 
SACK Ranges: [1497732965 - 1497733001] 
SACK Ranges: [1497734261 - 1497734297] 
SACK Ranges: [3578486886 - 3578488346] 
SACK Ranges: [1497735521 - 1497735557] 
SACK Ranges: [1497735661 - 1497735697] 
SACK Ranges: [1497736605 - 1497736641] 
SACK Ranges: [1497736817 - 1497736885] 
SACK Ranges: [1497737305 - 1497737341] 
SACK Ranges: [1497738461 - 1497738497] 
SACK Ranges: [1497738813 - 1497738881] 
SACK Ranges: [1497739093 - 1497739161] 
SACK Ranges: [1497739441 - 1497739477] 
SACK Ranges: [1497739581 - 1497739617] 
SACK Ranges: [1497740597 - 1497740633] 
SACK Ranges: [1497740737 - 1497740773] 
SACK Ranges: [1497740841 - 1497740877] 
SACK Ranges: [1497740913 - 1497740981] 
SACK Ranges: [1497741297 - 1497741333] 
SACK Ranges: [1497741541 - 1497741577] 
SACK Ranges: [1497741681 - 1497741717] 
SACK Ranges: [3592300290 - 3592301750] 
SACK Ranges: [1497741997 - 1497742033] 
SACK Ranges: [3593284410 - 3593285870] 
SACK Ranges: [3594921690 - 3594923150] 
SACK Ranges: [1497743817 - 1497743853] 
SACK Ranges: [1497745253 - 1497745321] 
SACK Ranges: [1497746581 - 1497746617] 
SACK Ranges: [3601088842 - 3601090302] 
SACK Ranges: [1497746653 - 1497746721] 
SACK Ranges: [1497747421 - 1497747457] 
SACK Ranges: [1497747561 - 1497747597] 
SACK Ranges: [1497747945 - 1497747981] 
SACK Ranges: [3603683278 - 3603684738] 
SACK Ranges: [3604079846 - 3604081306] 
SACK Ranges: [1497748857 - 1497748925] 
SACK Ranges: [3605648598 - 3605650058] 
SACK Ranges: [1497749381 - 1497749417] 
SACK Ranges: [1497751517 - 1497751585] 
SACK Ranges: [1497752741 - 1497752777] 
SACK Ranges: [1497753021 - 1497753057] 
SACK Ranges: [1497753125 - 1497753161] 
SACK Ranges: [1497753897 - 1497753965] 
SACK Ranges: [1497754141 - 1497754177] 
SACK Ranges: [1497754421 - 1497754457] 
SACK Ranges: [1497754597 - 1497754665] 
SACK Ranges: [1497755365 - 1497755401] 
SACK Ranges: [3618278138 - 3618279598] 
SACK Ranges: [1497756065 - 1497756101] 
SACK Ranges: [3618905794 - 3618907254] 
SACK Ranges: [1497756557 - 1497756593] 
SACK Ranges: [1497756873 - 1497756941] 
SACK Ranges: [1497757117 - 1497757153] 
SACK Ranges: [1497757713 - 1497757781] 
SACK Ranges: [3622279578 - 3622281038] 
SACK Ranges: [1497758133 - 1497758201] 
SACK Ranges: [1497758657 - 1497758693] 
SACK Ranges: [3623829350 - 3623830810] 
SACK Ranges: [1497760021 - 1497760057] 
SACK Ranges: [1497760301 - 1497760337] 
SACK Ranges: [1497760897 - 1497760933] 
SACK Ranges: [1497761141 - 1497761177] 
SACK Ranges: [1497761945 - 1497761981] 
SACK Ranges: [1497762541 - 1497762577] 
SACK Ranges: [1497762645 - 1497762681] 
SACK Ranges: [1497763277 - 1497763345] 
SACK Ranges: [1497763485 - 1497763521] 
SACK Ranges: [3632716314 - 3632717774] 
SACK Ranges: [1497763697 - 1497763765] 
SACK Ranges: [3633171190 - 3633172650] 
SACK Ranges: [1497764117 - 1497764185] 
SACK Ranges: [1497765237 - 1497765305] 
SACK Ranges: [1497765341 - 1497765377] 
SACK Ranges: [3638091106 - 3638092566] 
SACK Ranges: [1497766497 - 1497766565] 
SACK Ranges: [1497767441 - 1497767477] 
SACK Ranges: [1497768037 - 1497768105] 
SACK Ranges: [1497768457 - 1497768525] 
SACK Ranges: [3642193750 - 3642195210] 
SACK Ranges: [1497768701 - 1497768737] 
SACK Ranges: [3642487526 - 3642488986] 
SACK Ranges: [1497768945 - 1497768981] 
SACK Ranges: [3643471646 - 3643473106] 
SACK Ranges: [1497769925 - 1497769961] 
SACK Ranges: [1497769997 - 1497770065] 
SACK Ranges: [1497770381 - 1497770417] 
SACK Ranges: [3645603906 - 3645605366] 
SACK Ranges: [1497770557 - 1497770625] 
SACK Ranges: [1497770941 - 1497770977] 
SACK Ranges: [3647184338 - 3647185798] 
SACK Ranges: [1497771641 - 1497771677] 
SACK Ranges: [1497771957 - 1497772025] 
SACK Ranges: [1497772061 - 1497772097] 
SACK Ranges: [1497772165 - 1497772201] 
SACK Ranges: [3649051246 - 3649052706] 
SACK Ranges: [1497773005 - 1497773041] 
SACK Ranges: [1497773077 - 1497773145] 
SACK Ranges: [1497773637 - 1497773705] 
SACK Ranges: [1497774057 - 1497774125] 
SACK Ranges: [3652449038 - 3652450498] 
SACK Ranges: [1497774617 - 1497774685] 
SACK Ranges: [1497774861 - 1497774897] 
SACK Ranges: [1497775037 - 1497775105] 
SACK Ranges: [1497775945 - 1497775981] 
SACK Ranges: [1497776121 - 1497776157] 
SACK Ranges: [1497776225 - 1497776261] 
SACK Ranges: [1497776365 - 1497776401] 
SACK Ranges: [3656822190 - 3656823650] 
SACK Ranges: [1497776437 - 1497776505] 
SACK Ranges: [1497776681 - 1497776717] 
SACK Ranges: [1497776961 - 1497776997] 
SACK Ranges: [1497777345 - 1497777381] 
SACK Ranges: [1497778081 - 1497778117] 
SACK Ranges: [1497779025 - 1497779061] 
SACK Ranges: [3663055634 - 3663057094] 
SACK Ranges: [1497780249 - 1497780285] 
SACK Ranges: [1497780529 - 1497780565] 
SACK Ranges: [1497780669 - 1497780705] 
SACK Ranges: [3664895578 - 3664897038] 
SACK Ranges: [1497781301 - 1497781369] 
SACK Ranges: [1497781721 - 1497781789] 
SACK Ranges: [1497781929 - 1497781965] 
SACK Ranges: [3667387222 - 3667388682] 
SACK Ranges: [1497782105 - 1497782141] 
SACK Ranges: [1497782489 - 1497782525] 
SACK Ranges: [1497782561 - 1497782629] 
SACK Ranges: [1497783121 - 1497783189] 
SACK Ranges: [1497783401 - 1497783469] 
SACK Ranges: [1497783505 - 1497783541] 
SACK Ranges: [1497784169 - 1497784205] 
SACK Ranges: [1497786025 - 1497786061] 
SACK Ranges: [1497786201 - 1497786269] 
SACK Ranges: [1497786445 - 1497786481] 
SACK Ranges: [1497786725 - 1497786761] 
SACK Ranges: [1497787041 - 1497787109] 
SACK Ranges: [1497788161 - 1497788229] 
SACK Ranges: [3679068366 - 3679069826] 
SACK Ranges: [1497788369 - 1497788405] 
SACK Ranges: [1497788441 - 1497788509] 
SACK Ranges: [1497788861 - 1497788929] 
SACK Ranges: [1497789001 - 1497789069] 
SACK Ranges: [3680408950 - 3680410410] 
SACK Ranges: [3682639622 - 3682641082] 
SACK Ranges: [1497790469 - 1497790505] 
SACK Ranges: [3683098878 - 3683100338] 
SACK Ranges: [1497790785 - 1497790821] 
SACK Ranges: [1497790925 - 1497790961] 
SACK Ranges: [3685296746 - 3685298206] 
SACK Ranges: [1497791869 - 1497791905] 
SACK Ranges: [3687297790 - 3687299250] 
SACK Ranges: [1497793481 - 1497793549] 
SACK Ranges: [1497794389 - 1497794425] 
SACK Ranges: [1497794705 - 1497794741] 
SACK Ranges: [1497794881 - 1497794949] 
SACK Ranges: [3691369866 - 3691371326] 
SACK Ranges: [1497795021 - 1497795089] 
SACK Ranges: [1497796421 - 1497796489] 
SACK Ranges: [3694448378 - 3694449838] 
SACK Ranges: [1497796665 - 1497796701] 
SACK Ranges: [3695334770 - 3695336230] 
SACK Ranges: [1497797261 - 1497797329] 
SACK Ranges: [3695858950 - 3695860410] 
SACK Ranges: [1497797365 - 1497797401] 
SACK Ranges: [3696882398 - 3696883858] 
SACK Ranges: [3697138990 - 3697140450] 
SACK Ranges: [1497798133 - 1497798169] 
SACK Ranges: [1497798765 - 1497798801] 
SACK Ranges: [3698976014 - 3698977474] 
SACK Ranges: [1497799121 - 1497799225] 
SACK Ranges: [1497799681 - 1497799749] 
SACK Ranges: [1497799785 - 1497799821] 
SACK Ranges: [3701140394 - 3701141854] 
SACK Ranges: [3701206002 - 3701207462] 
SACK Ranges: [3701370022 - 3701371482] 
SACK Ranges: [3701435630 - 3701437090] 
SACK Ranges: [1497800729 - 1497800765] 
SACK Ranges: [1497800869 - 1497800905] 
SACK Ranges: [1497800941 - 1497801009] 
SACK Ranges: [1497801221 - 1497801289] 
SACK Ranges: [3705083398 - 3705084858] 
SACK Ranges: [1497802621 - 1497802657] 
SACK Ranges: [1497803005 - 1497803041] 
SACK Ranges: [3706127286 - 3706128746] 
SACK Ranges: [3706881094 - 3706882554] 
SACK Ranges: [1497804057 - 1497804125] 
SACK Ranges: [3709801334 - 3709802794] 
SACK Ranges: [1497805457 - 1497805525] 
SACK Ranges: [3711638358 - 3711639818] 
SACK Ranges: [1497806717 - 1497806785] 
SACK Ranges: [1497806925 - 1497806961] 
SACK Ranges: [1497807205 - 1497807241] 
SACK Ranges: [1497807449 - 1497807485] 
SACK Ranges: [1497807521 - 1497807589] 
SACK Ranges: [1497807941 - 1497808009] 
SACK Ranges: [3716135426 - 3716136886] 
SACK Ranges: [1497808429 - 1497808465] 
SACK Ranges: [3716955526 - 3716956986] 
SACK Ranges: [3717182234 - 3717183694] 
SACK Ranges: [1497808921 - 1497808989] 
SACK Ranges: [1497809061 - 1497809129] 
SACK Ranges: [3718231962 - 3718233422] 
SACK Ranges: [1497809585 - 1497809621] 
SACK Ranges: [1497809865 - 1497809901] 
SACK Ranges: [1497810389 - 1497810425] 
SACK Ranges: [1497810565 - 1497810601] 
SACK Ranges: [1497810985 - 1497811021] 
SACK Ranges: [1497812105 - 1497812141] 
SACK Ranges: [1497812209 - 1497812245] 
SACK Ranges: [1497812281 - 1497812349] 
SACK Ranges: [3724038270 - 3724039730] 
SACK Ranges: [1497812769 - 1497812805] 
SACK Ranges: [1497812841 - 1497812909] 
SACK Ranges: [1497813329 - 1497813365] 
SACK Ranges: [1497813469 - 1497813505] 
SACK Ranges: [1497813645 - 1497813681] 
SACK Ranges: [3726925022 - 3726926482] 
SACK Ranges: [1497814625 - 1497814661] 
SACK Ranges: [1497814905 - 1497814941] 
SACK Ranges: [1497815501 - 1497815569] 
SACK Ranges: [1497815641 - 1497815709] 
SACK Ranges: [1497816865 - 1497816901] 
SACK Ranges: [3732801318 - 3732802778] 
SACK Ranges: [1497817321 - 1497817389] 
SACK Ranges: [3733091490 - 3733092950] 
SACK Ranges: [1497817601 - 1497817669] 
SACK Ranges: [3734240314 - 3734241774] 
SACK Ranges: [1497818441 - 1497818509] 
SACK Ranges: [1497818825 - 1497818861] 
SACK Ranges: [3736831830 - 3736833290] 
SACK Ranges: [3737094262 - 3737095722] 
SACK Ranges: [1497819701 - 1497819769] 
SACK Ranges: [1497820541 - 1497820609] 
SACK Ranges: [1497820785 - 1497820821] 
SACK Ranges: [3741261146 - 3741261830] 
SACK Ranges: [1497822641 - 1497822709] 
SACK Ranges: [1497823409 - 1497823445] 
SACK Ranges: [1497824249 - 1497824285] 
SACK Ranges: [3745984146 - 3745985606] 
SACK Ranges: [1497824845 - 1497824881] 
SACK Ranges: [3748181330 - 3748182790] 
SACK Ranges: [1497825509 - 1497825545] 
SACK Ranges: [1497826593 - 1497826629] 
SACK Ranges: [3750387182 - 3750388642] 
SACK Ranges: [1497827013 - 1497827049] 
SACK Ranges: [1497827189 - 1497827225] 
SACK Ranges: [1497827749 - 1497827785] 
SACK Ranges: [1497828065 - 1497828133] 
SACK Ranges: [1497828413 - 1497828449] 
SACK Ranges: [1497829953 - 1497829989] 
SACK Ranges: [1497830233 - 1497830269] 
SACK Ranges: [3758613686 - 3758615146] 
SACK Ranges: [1497831985 - 1497832053] 
SACK Ranges: [1497832545 - 1497832613] 
SACK Ranges: [1497833873 - 1497833909] 
SACK Ranges: [3763862326 - 3763863786] 
SACK Ranges: [1497834085 - 1497834153] 
SACK Ranges: [1497835133 - 1497835169] 
SACK Ranges: [3766748394 - 3766749854] 
SACK Ranges: [1497835905 - 1497835973] 
SACK Ranges: [1497836393 - 1497836429] 
SACK Ranges: [1497837969 - 1497838005] 
SACK Ranges: [1497838145 - 1497838213] 
SACK Ranges: [1497838669 - 1497838705] 
SACK Ranges: [1497838949 - 1497838985] 
SACK Ranges: [3776327846 - 3776329306] 
SACK Ranges: [1497841049 - 1497841085] 
SACK Ranges: [1497841121 - 1497841189] 
SACK Ranges: [1497841401 - 1497841469] 
